# JRE version: Java(TM) SE Runtime Environment (8.0_202-b08) (build 1.8.0_202-b08)
# Java VM: Java HotSpot(TM) 64-Bit Server VM (25.202-b08 mixed mode windows-amd64 compressed oops)
Heap:
 PSYoungGen      total 257536K, used 231993K [0x000000076b380000, 0x000000077d180000, 0x00000007c0000000)
  eden space 233472K, 99% used [0x000000076b380000,0x000000077960e418,0x0000000779780000)
  from space 24064K, 0% used [0x000000077ba00000,0x000000077ba00000,0x000000077d180000)
  to   space 29696K, 0% used [0x0000000779780000,0x0000000779780000,0x000000077b480000)
 ParOldGen       total 192000K, used 33979K [0x00000006c1a00000, 0x00000006cd580000, 0x000000076b380000)
  object space 192000K, 17% used [0x00000006c1a00000,0x00000006c3b2eed8,0x00000006cd580000)
 Metaspace       used 49925K, capacity 50780K, committed 51032K, reserved 1093632K
  class space    used 5729K, capacity 5968K, committed 6016K, reserved 1048576K
GC Heap History (10 events):
Event: 7.292 GC heap before
{Heap before GC invocations=10 (full 1):
 PSYoungGen      total 147456K, used 147428K [0x000000076b380000, 0x0000000776500000, 0x00000007c0000000)
  eden space 128000K, 100% used [0x000000076b380000,0x0000000773080000,0x0000000773080000)
  from space 19456K, 99% used [0x0000000774600000,0x00000007758f9128,0x0000000775900000)
  to   space 22016K, 0% used [0x0000000773080000,0x0000000773080000,0x0000000774600000)
 ParOldGen       total 126976K, used 22188K [0x00000006c1a00000, 0x00000006c9600000, 0x000000076b380000)
  object space 126976K, 17% used [0x00000006c1a00000,0x00000006c2fab148,0x00000006c9600000)
 Metaspace       used 24098K, capacity 24676K, committed 24704K, reserved 1071104K
  class space    used 2766K, capacity 2936K, committed 2944K, reserved 1048576K
Event: 7.317 GC heap after
Heap after GC invocations=10 (full 1):
 PSYoungGen      total 150016K, used 22000K [0x000000076b380000, 0x0000000779200000, 0x00000007c0000000)
  eden space 128000K, 0% used [0x000000076b380000,0x000000076b380000,0x0000000773080000)
  from space 22016K, 99% used [0x0000000773080000,0x00000007745fc3f8,0x0000000774600000)
  to   space 26624K, 0% used [0x0000000777800000,0x0000000777800000,0x0000000779200000)
 ParOldGen       total 126976K, used 28532K [0x00000006c1a00000, 0x00000006c9600000, 0x000000076b380000)
  object space 126976K, 22% used [0x00000006c1a00000,0x00000006c35dd078,0x00000006c9600000)
 Metaspace       used 24098K, capacity 24676K, committed 24704K, reserved 1071104K
  class space    used 2766K, capacity 2936K, committed 2944K, reserved 1048576K
}
Event: 7.714 GC heap before
{Heap before GC invocations=11 (full 1):
 PSYoungGen      total 150016K, used 150000K [0x000000076b380000, 0x0000000779200000, 0x00000007c0000000)
  eden space 128000K, 100% used [0x000000076b380000,0x0000000773080000,0x0000000773080000)
  from space 22016K, 99% used [0x0000000773080000,0x00000007745fc3f8,0x0000000774600000)
  to   space 26624K, 0% used [0x0000000777800000,0x0000000777800000,0x0000000779200000)
 ParOldGen       total 126976K, used 28532K [0x00000006c1a00000, 0x00000006c9600000, 0x000000076b380000)
  object space 126976K, 22% used [0x00000006c1a00000,0x00000006c35dd078,0x00000006c9600000)
 Metaspace       used 24104K, capacity 24676K, committed 24704K, reserved 1071104K
  class space    used 2767K, capacity 2936K, committed 2944K, reserved 1048576K
Event: 7.734 GC heap after
Heap after GC invocations=11 (full 1):
 PSYoungGen      total 199168K, used 23456K [0x000000076b380000, 0x0000000779780000, 0x00000007c0000000)
  eden space 172544K, 0% used [0x000000076b380000,0x000000076b380000,0x0000000775c00000)
  from space 26624K, 88% used [0x0000000777800000,0x0000000778ee80f8,0x0000000779200000)
  to   space 28672K, 0% used [0x0000000775c00000,0x0000000775c00000,0x0000000777800000)
 ParOldGen       total 126976K, used 30848K [0x00000006c1a00000, 0x00000006c9600000, 0x000000076b380000)
  object space 126976K, 24% used [0x00000006c1a00000,0x00000006c3820378,0x00000006c9600000)
 Metaspace       used 24104K, capacity 24676K, committed 24704K, reserved 1071104K
  class space    used 2767K, capacity 2936K, committed 2944K, reserved 1048576K
}
Event: 8.437 GC heap before
{Heap before GC invocations=12 (full 1):
 PSYoungGen      total 199168K, used 196000K [0x000000076b380000, 0x0000000779780000, 0x00000007c0000000)
  eden space 172544K, 100% used [0x000000076b380000,0x0000000775c00000,0x0000000775c00000)
  from space 26624K, 88% used [0x0000000777800000,0x0000000778ee80f8,0x0000000779200000)
  to   space 28672K, 0% used [0x0000000775c00000,0x0000000775c00000,0x0000000777800000)
 ParOldGen       total 126976K, used 30848K [0x00000006c1a00000, 0x00000006c9600000, 0x000000076b380000)
  object space 126976K, 24% used [0x00000006c1a00000,0x00000006c3820378,0x00000006c9600000)
 Metaspace       used 24106K, capacity 24676K, committed 24704K, reserved 1071104K
  class space    used 2767K, capacity 2936K, committed 2944K, reserved 1048576K
Event: 8.471 GC heap after
Heap after GC invocations=12 (full 1):
 PSYoungGen      total 201216K, used 25240K [0x000000076b380000, 0x000000077d800000, 0x00000007c0000000)
  eden space 172544K, 0% used [0x000000076b380000,0x000000076b380000,0x0000000775c00000)
  from space 28672K, 88% used [0x0000000775c00000,0x00000007774a60b0,0x0000000777800000)
  to   space 30720K, 0% used [0x000000077ba00000,0x000000077ba00000,0x000000077d800000)
 ParOldGen       total 126976K, used 34785K [0x00000006c1a00000, 0x00000006c9600000, 0x000000076b380000)
  object space 126976K, 27% used [0x00000006c1a00000,0x00000006c3bf8588,0x00000006c9600000)
 Metaspace       used 24106K, capacity 24676K, committed 24704K, reserved 1071104K
  class space    used 2767K, capacity 2936K, committed 2944K, reserved 1048576K
}
Event: 10.264 GC heap before
{Heap before GC invocations=13 (full 1):
 PSYoungGen      total 201216K, used 160079K [0x000000076b380000, 0x000000077d800000, 0x00000007c0000000)
  eden space 172544K, 78% used [0x000000076b380000,0x000000077372df48,0x0000000775c00000)
  from space 28672K, 88% used [0x0000000775c00000,0x00000007774a60b0,0x0000000777800000)
  to   space 30720K, 0% used [0x000000077ba00000,0x000000077ba00000,0x000000077d800000)
 ParOldGen       total 126976K, used 34785K [0x00000006c1a00000, 0x00000006c9600000, 0x000000076b380000)
  object space 126976K, 27% used [0x00000006c1a00000,0x00000006c3bf8588,0x00000006c9600000)
 Metaspace       used 34445K, capacity 35148K, committed 35416K, reserved 1081344K
  class space    used 3936K, capacity 4148K, committed 4224K, reserved 1048576K
Event: 10.286 GC heap after
Heap after GC invocations=13 (full 1):
 PSYoungGen      total 257536K, used 16423K [0x000000076b380000, 0x000000077d180000, 0x00000007c0000000)
  eden space 233472K, 0% used [0x000000076b380000,0x000000076b380000,0x0000000779780000)
  from space 24064K, 68% used [0x000000077ba00000,0x000000077ca09c00,0x000000077d180000)
  to   space 29696K, 0% used [0x0000000779780000,0x0000000779780000,0x000000077b480000)
 ParOldGen       total 126976K, used 37884K [0x00000006c1a00000, 0x00000006c9600000, 0x000000076b380000)
  object space 126976K, 29% used [0x00000006c1a00000,0x00000006c3eff3d0,0x00000006c9600000)
 Metaspace       used 34445K, capacity 35148K, committed 35416K, reserved 1081344K
  class space    used 3936K, capacity 4148K, committed 4224K, reserved 1048576K
}
Event: 10.286 GC heap before
{Heap before GC invocations=14 (full 2):
 PSYoungGen      total 257536K, used 16423K [0x000000076b380000, 0x000000077d180000, 0x00000007c0000000)
  eden space 233472K, 0% used [0x000000076b380000,0x000000076b380000,0x0000000779780000)
  from space 24064K, 68% used [0x000000077ba00000,0x000000077ca09c00,0x000000077d180000)
  to   space 29696K, 0% used [0x0000000779780000,0x0000000779780000,0x000000077b480000)
 ParOldGen       total 126976K, used 37884K [0x00000006c1a00000, 0x00000006c9600000, 0x000000076b380000)
  object space 126976K, 29% used [0x00000006c1a00000,0x00000006c3eff3d0,0x00000006c9600000)
 Metaspace       used 34445K, capacity 35148K, committed 35416K, reserved 1081344K
  class space    used 3936K, capacity 4148K, committed 4224K, reserved 1048576K
Event: 10.394 GC heap after
Heap after GC invocations=14 (full 2):
 PSYoungGen      total 257536K, used 0K [0x000000076b380000, 0x000000077d180000, 0x00000007c0000000)
  eden space 233472K, 0% used [0x000000076b380000,0x000000076b380000,0x0000000779780000)
  from space 24064K, 0% used [0x000000077ba00000,0x000000077ba00000,0x000000077d180000)
  to   space 29696K, 0% used [0x0000000779780000,0x0000000779780000,0x000000077b480000)
 ParOldGen       total 192000K, used 33979K [0x00000006c1a00000, 0x00000006cd580000, 0x000000076b380000)
  object space 192000K, 17% used [0x00000006c1a00000,0x00000006c3b2eed8,0x00000006cd580000)
 Metaspace       used 34445K, capacity 35148K, committed 35416K, reserved 1081344K
  class space    used 3936K, capacity 4148K, committed 4224K, reserved 1048576K
}

